<?xml version="1.0" encoding="UTF-8"?>
<testsuite name="Search product in AliExpress" tests="1" skipped="0" failures="0" errors="0" timestamp="2022-06-28T17:46:49" hostname="SARLIX" time="163.548">
  <properties/>
  <testcase name="I am in free market" classname="Search product in AliExpress" time="163.548"/>
  <system-out><![CDATA[]]></system-out>
  <system-err><![CDATA[jun 28, 2022 12:47:01 PM io.appium.java_client.remote.AppiumCommandExecutor$1 lambda$0
INFORMACIÓN: Detected dialect: W3C
[Test worker] INFO net.thucydides.core.steps.ConsoleLoggingListener - 
        __    _____ _____ ____ _____   ____   _    ____  ____  _____ ____  
  _     \ \  |_   _| ____/ ___|_   _| |  _ \ / \  / ___|/ ___|| ____|  _ \ 
 (_)_____| |   | | |  _| \___ \ | |   | |_) / _ \ \___ \\___ \|  _| | | | |
  _|_____| |   | | | |___ ___) || |   |  __/ ___ \ ___) |___) | |___| |_| |
 (_)     | |   |_| |_____|____/ |_|   |_| /_/   \_\____/|____/|_____|____/ 
        /_/                                                                

TEST PASSED: I am in free market
----------------------------------------------------------------------------
]]></system-err>
</testsuite>
